TN:
SF:src/index.ts
FN:20,Color
FN:51,rgb
FN:64,hex
FN:77,toString
FN:81,get red
FN:88,set red
FN:102,get green
FN:109,set green
FN:123,get blue
FN:130,set blue
FN:144,get alpha
FN:151,set alpha
FNF:12
FNH:12
FNDA:244,Color
FNDA:68,rgb
FNDA:34,hex
FNDA:49,toString
FNDA:8,get red
FNDA:1,set red
FNDA:8,get green
FNDA:1,set green
FNDA:8,get blue
FNDA:1,set blue
FNDA:8,get alpha
FNDA:1,set alpha
DA:1,1
DA:2,1
DA:3,1
DA:4,1
DA:5,1
DA:6,1
DA:7,1
DA:8,1
DA:9,1
DA:10,1
DA:11,1
DA:12,1
DA:13,1
DA:14,1
DA:15,1
DA:16,1
DA:17,1
DA:18,1
DA:19,1
DA:20,1
DA:21,244
DA:22,243
DA:23,243
DA:24,243
DA:25,243
DA:26,77
DA:27,77
DA:28,166
DA:29,166
DA:30,166
DA:31,243
DA:32,46
DA:33,13
DA:34,243
DA:35,108
DA:36,16
DA:37,243
DA:38,12
DA:39,4
DA:40,4
DA:41,4
DA:42,4
DA:43,243
DA:44,243
DA:45,244
DA:46,1
DA:47,1
DA:48,1
DA:49,244
DA:50,1
DA:51,1
DA:52,68
DA:53,68
DA:54,24
DA:55,68
DA:56,4
DA:57,68
DA:58,16
DA:59,68
DA:60,24
DA:61,68
DA:62,68
DA:63,1
DA:64,1
DA:65,34
DA:66,34
DA:67,17
DA:68,34
DA:69,4
DA:70,34
DA:71,4
DA:72,34
DA:73,9
DA:74,34
DA:75,34
DA:76,1
DA:77,1
DA:78,49
DA:79,49
DA:80,1
DA:81,1
DA:82,8
DA:83,8
DA:84,8
DA:85,8
DA:86,8
DA:87,1
DA:88,1
DA:89,1
DA:90,1
DA:91,1
DA:92,1
DA:93,1
DA:94,1
DA:95,1
DA:96,1
DA:97,1
DA:98,1
DA:99,1
DA:100,1
DA:101,1
DA:102,1
DA:103,8
DA:104,8
DA:105,8
DA:106,8
DA:107,8
DA:108,1
DA:109,1
DA:110,1
DA:111,1
DA:112,1
DA:113,1
DA:114,1
DA:115,1
DA:116,1
DA:117,1
DA:118,1
DA:119,1
DA:120,1
DA:121,1
DA:122,1
DA:123,1
DA:124,8
DA:125,8
DA:126,8
DA:127,8
DA:128,8
DA:129,1
DA:130,1
DA:131,1
DA:132,1
DA:133,1
DA:134,1
DA:135,1
DA:136,1
DA:137,1
DA:138,1
DA:139,1
DA:140,1
DA:141,1
DA:142,1
DA:143,1
DA:144,1
DA:145,8
DA:146,8
DA:147,8
DA:148,8
DA:149,8
DA:150,1
DA:151,1
DA:152,1
DA:153,1
DA:154,1
DA:155,1
DA:156,1
DA:157,1
DA:158,1
DA:159,1
LF:159
LH:159
BRDA:20,0,0,244
BRDA:21,1,0,243
BRDA:45,2,0,1
BRDA:24,3,0,243
BRDA:25,4,0,77
BRDA:26,5,0,70
BRDA:28,6,0,166
BRDA:31,7,0,46
BRDA:32,8,0,33
BRDA:33,9,0,13
BRDA:34,10,0,108
BRDA:35,11,0,92
BRDA:36,12,0,16
BRDA:37,13,0,12
BRDA:38,14,0,8
BRDA:39,15,0,4
BRDA:51,16,0,68
BRDA:53,17,0,24
BRDA:55,18,0,4
BRDA:57,19,0,16
BRDA:59,20,0,24
BRDA:64,21,0,34
BRDA:66,22,0,17
BRDA:68,23,0,4
BRDA:70,24,0,4
BRDA:72,25,0,9
BRDA:77,26,0,49
BRDA:81,27,0,8
BRDA:88,28,0,1
BRDA:94,29,0,0
BRDA:98,30,0,0
BRDA:102,31,0,8
BRDA:109,32,0,1
BRDA:115,33,0,0
BRDA:119,34,0,0
BRDA:123,35,0,8
BRDA:130,36,0,1
BRDA:136,37,0,0
BRDA:140,38,0,0
BRDA:144,39,0,8
BRDA:148,40,0,0
BRDA:151,41,0,1
BRF:42
BRH:35
end_of_record
TN:
SF:src/utility/cssColorKeywords.ts
FNF:0
FNH:0
DA:1,1
DA:2,1
DA:3,1
DA:4,1
DA:5,1
DA:6,1
DA:7,1
DA:8,1
DA:9,1
DA:10,1
DA:11,1
DA:12,1
DA:13,1
DA:14,1
DA:15,1
DA:16,1
DA:17,1
DA:18,1
DA:19,1
DA:20,1
DA:21,1
DA:22,1
DA:23,1
DA:24,1
DA:25,1
DA:26,1
DA:27,1
DA:28,1
DA:29,1
DA:30,1
DA:31,1
DA:32,1
DA:33,1
DA:34,1
DA:35,1
DA:36,1
DA:37,1
DA:38,1
DA:39,1
DA:40,1
DA:41,1
DA:42,1
DA:43,1
DA:44,1
DA:45,1
DA:46,1
DA:47,1
DA:48,1
DA:49,1
DA:50,1
DA:51,1
DA:52,1
DA:53,1
DA:54,1
DA:55,1
DA:56,1
DA:57,1
DA:58,1
DA:59,1
DA:60,1
DA:61,1
DA:62,1
DA:63,1
DA:64,1
DA:65,1
DA:66,1
DA:67,1
DA:68,1
DA:69,1
DA:70,1
DA:71,1
DA:72,1
DA:73,1
DA:74,1
DA:75,1
DA:76,1
DA:77,1
DA:78,1
DA:79,1
DA:80,1
DA:81,1
DA:82,1
DA:83,1
DA:84,1
DA:85,1
DA:86,1
DA:87,1
DA:88,1
DA:89,1
DA:90,1
DA:91,1
DA:92,1
DA:93,1
DA:94,1
DA:95,1
DA:96,1
DA:97,1
DA:98,1
DA:99,1
DA:100,1
DA:101,1
DA:102,1
DA:103,1
DA:104,1
DA:105,1
DA:106,1
DA:107,1
DA:108,1
DA:109,1
DA:110,1
DA:111,1
DA:112,1
DA:113,1
DA:114,1
DA:115,1
DA:116,1
DA:117,1
DA:118,1
DA:119,1
DA:120,1
DA:121,1
DA:122,1
DA:123,1
DA:124,1
DA:125,1
DA:126,1
DA:127,1
DA:128,1
DA:129,1
DA:130,1
DA:131,1
DA:132,1
DA:133,1
DA:134,1
DA:135,1
DA:136,1
DA:137,1
DA:138,1
DA:139,1
DA:140,1
DA:141,1
DA:142,1
DA:143,1
DA:144,1
DA:145,1
DA:146,1
DA:147,1
DA:148,1
DA:149,1
DA:150,1
LF:150
LH:150
BRF:0
BRH:0
end_of_record
TN:
SF:src/utility/expandHexShorthand.ts
FN:2,expandHexShorthand
FNF:1
FNH:1
FNDA:28,expandHexShorthand
DA:1,1
DA:2,1
DA:3,28
DA:4,2
DA:5,2
DA:6,2
DA:7,2
DA:8,28
DA:9,26
DA:10,26
DA:11,28
LF:11
LH:11
BRDA:2,0,0,28
BRDA:3,1,0,2
BRDA:8,2,0,26
BRDA:5,3,0,2
BRF:4
BRH:4
end_of_record
TN:
SF:src/utility/getHSLChannels.ts
FN:1,getHSLChannels
FNF:1
FNH:1
FNDA:24,getHSLChannels
DA:1,1
DA:2,24
DA:3,24
DA:4,24
DA:5,24
LF:5
LH:5
BRDA:1,0,0,24
BRDA:3,1,0,12
BRDA:3,2,0,12
BRDA:4,3,0,24
BRF:4
BRH:4
end_of_record
TN:
SF:src/utility/getRGBChannels.ts
FN:1,getRGBChannels
FNF:1
FNH:1
FNDA:59,getRGBChannels
DA:1,1
DA:2,59
DA:3,59
DA:4,59
DA:5,59
LF:5
LH:5
BRDA:1,0,0,59
BRDA:3,1,0,57
BRDA:3,2,0,2
BRDA:4,3,0,59
BRF:4
BRH:4
end_of_record
TN:
SF:src/utility/hexToRGB.ts
FN:3,hexToRGB
FNF:1
FNH:1
FNDA:24,hexToRGB
DA:1,1
DA:2,1
DA:3,1
DA:4,24
DA:5,24
DA:6,24
DA:7,24
DA:8,24
DA:9,12
DA:10,12
DA:11,12
DA:12,12
DA:13,12
DA:14,12
DA:15,12
DA:16,12
DA:17,12
DA:18,12
DA:19,12
DA:20,12
DA:21,12
DA:22,12
DA:23,12
DA:24,12
DA:25,12
DA:26,12
DA:27,12
DA:28,12
DA:29,12
DA:30,12
DA:31,12
DA:32,24
LF:32
LH:32
BRDA:3,0,0,24
BRDA:8,1,0,12
BRDA:22,2,0,0
BRF:3
BRH:2
end_of_record
TN:
SF:src/utility/hslToRGB.ts
FN:3,hslToRGB
FNF:1
FNH:1
FNDA:24,hslToRGB
DA:1,1
DA:2,1
DA:3,1
DA:4,24
DA:5,24
DA:6,24
DA:7,24
DA:8,24
DA:9,4
DA:10,4
DA:11,24
DA:12,24
DA:13,24
DA:14,24
DA:15,24
DA:16,24
DA:17,24
DA:18,1
DA:19,24
DA:20,3
DA:21,3
DA:22,3
DA:23,23
DA:24,2
DA:25,2
DA:26,24
DA:27,24
DA:28,24
DA:29,24
DA:30,24
DA:31,24
DA:32,24
DA:33,24
DA:34,24
DA:35,24
DA:36,13
DA:37,13
DA:38,13
DA:39,24
DA:40,1
DA:41,1
DA:42,1
DA:43,11
DA:44,1
DA:45,1
DA:46,1
DA:47,10
DA:48,4
DA:49,4
DA:50,4
DA:51,9
DA:52,1
DA:53,1
DA:54,1
DA:55,5
DA:56,4
DA:57,4
DA:58,4
DA:59,4
DA:60,24
DA:61,24
DA:62,24
DA:63,24
DA:64,24
DA:65,24
DA:66,24
LF:66
LH:66
BRDA:3,0,0,24
BRDA:8,1,0,4
BRDA:17,2,0,1
BRDA:19,3,0,23
BRDA:19,4,0,3
BRDA:23,5,0,20
BRDA:23,6,0,2
BRDA:27,7,0,1
BRDA:35,8,0,13
BRDA:39,9,0,11
BRDA:39,10,0,1
BRDA:43,11,0,10
BRDA:43,12,0,1
BRDA:47,13,0,9
BRDA:47,14,0,4
BRDA:51,15,0,5
BRDA:51,16,0,1
BRDA:55,17,0,4
BRDA:65,18,0,4
BRDA:65,19,0,20
BRDA:65,20,0,4
BRDA:65,21,0,20
BRF:22
BRH:22
end_of_record
TN:
SF:src/utility/isValidHSL.ts
FN:1,isValidHSL
FNF:1
FNH:1
FNDA:46,isValidHSL
DA:1,1
DA:2,46
DA:3,46
DA:4,46
DA:5,46
DA:6,46
DA:7,46
DA:8,46
DA:9,46
DA:10,46
LF:10
LH:10
BRDA:1,0,0,46
BRDA:8,1,0,64
BRF:2
BRH:2
end_of_record
TN:
SF:src/utility/isValidHex.ts
FN:1,isValidHex
FNF:1
FNH:1
FNDA:89,isValidHex
DA:1,1
DA:2,89
DA:3,89
DA:4,17
DA:5,17
DA:6,17
DA:7,17
DA:8,72
DA:9,72
DA:10,72
DA:11,89
DA:12,2
DA:13,2
DA:14,2
DA:15,2
DA:16,70
DA:17,70
DA:18,70
LF:18
LH:18
BRDA:1,0,0,89
BRDA:3,1,0,86
BRDA:3,2,0,42
BRDA:3,3,0,17
BRDA:8,4,0,72
BRDA:11,5,0,70
BRDA:11,6,0,2
BRDA:16,7,0,70
BRDA:11,8,0,464
BRF:9
BRH:9
end_of_record
TN:
SF:src/utility/isValidRGB.ts
FN:1,isValidRGB
FNF:1
FNH:1
FNDA:108,isValidRGB
DA:1,1
DA:2,108
DA:3,108
DA:4,108
DA:5,108
DA:6,108
DA:7,108
DA:8,108
DA:9,108
LF:9
LH:9
BRDA:1,0,0,108
BRDA:7,1,0,175
BRF:2
BRH:2
end_of_record
TN:
SF:src/utility/keywordToHex.ts
FN:5,keywordToHex
FNF:1
FNH:1
FNDA:4,keywordToHex
DA:1,1
DA:2,1
DA:3,1
DA:4,1
DA:5,1
DA:6,4
DA:7,4
DA:8,4
DA:9,12
DA:10,12
DA:11,4
DA:12,4
DA:13,4
LF:13
LH:13
BRDA:5,0,0,4
BRDA:8,1,0,12
BRF:2
BRH:2
end_of_record
TN:
SF:src/utility/keywordToRGB.ts
FN:3,keywordToRGB
FNF:1
FNH:1
FNDA:4,keywordToRGB
DA:1,1
DA:2,1
DA:3,1
DA:4,4
DA:5,4
LF:5
LH:5
BRDA:3,0,0,4
BRF:1
BRH:1
end_of_record
TN:
SF:src/utility/rgbComponentToHex.ts
FN:3,rgbComponentToHex
FNF:1
FNH:1
FNDA:63,rgbComponentToHex
DA:1,1
DA:2,1
DA:3,1
DA:4,63
DA:5,63
DA:6,63
LF:6
LH:6
BRDA:3,0,0,63
BRDA:5,1,0,18
BRDA:5,2,0,45
BRF:3
BRH:3
end_of_record
TN:
SF:src/utility/rgbToHex.ts
FN:6,rgbToHex
FNF:1
FNH:1
FNDA:23,rgbToHex
DA:1,1
DA:2,1
DA:3,1
DA:4,1
DA:5,1
DA:6,1
DA:7,23
DA:8,23
DA:9,23
DA:10,23
DA:11,23
DA:12,10
DA:13,10
DA:14,2
DA:15,2
DA:16,2
DA:17,10
DA:18,8
DA:19,10
DA:20,10
DA:21,10
DA:22,10
DA:23,10
DA:24,23
DA:25,23
DA:26,23
DA:27,23
DA:28,23
DA:29,23
DA:30,23
DA:31,17
DA:32,17
DA:33,17
DA:34,17
DA:35,17
DA:36,17
DA:37,23
DA:38,6
DA:39,6
DA:40,23
LF:40
LH:40
BRDA:6,0,0,23
BRDA:11,1,0,10
BRDA:13,2,0,2
BRDA:17,3,0,8
BRDA:20,4,0,0
BRDA:30,5,0,17
BRDA:37,6,0,6
BRDA:28,7,0,63
BRF:8
BRH:7
end_of_record
TN:
SF:src/utility/validateRGBComponent.ts
FN:3,validateRGBComponent
FNF:1
FNH:1
FNDA:63,validateRGBComponent
DA:1,1
DA:2,1
DA:3,1
DA:4,63
DA:5,63
DA:6,63
DA:7,63
DA:8,57
DA:9,63
DA:10,6
DA:11,6
DA:12,6
DA:13,6
DA:14,63
LF:14
LH:14
BRDA:3,0,0,63
BRDA:7,1,0,60
BRDA:7,2,0,57
BRDA:9,3,0,6
BRF:4
BRH:4
end_of_record
